execve("./a.out", ["./a.out", "-st"], 0x7ffe52d4aa50 /* 43 vars */) = 0
brk(NULL)                               = 0x557d5e448000
access("/etc/ld.so.nohwcap", F_OK)      = -1 ENOENT (No such file or directory)
access("/etc/ld.so.preload", R_OK)      = -1 ENOENT (No such file or directory)
openat(AT_FDCWD, "/etc/ld.so.cache", O_RDONLY|O_CLOEXEC) = 3
fstat(3, {st_mode=S_IFREG|0644, st_size=210431, ...}) = 0
mmap(NULL, 210431, PROT_READ, MAP_PRIVATE, 3, 0) = 0x7faa920e1000
close(3)                                = 0
access("/etc/ld.so.nohwcap", F_OK)      = -1 ENOENT (No such file or directory)
openat(AT_FDCWD, "/lib/x86_64-linux-gnu/libc.so.6", O_RDONLY|O_CLOEXEC) = 3
read(3, "\177ELF\2\1\1\3\0\0\0\0\0\0\0\0\3\0>\0\1\0\0\0\240\33\2\0\0\0\0\0"..., 832) = 832
fstat(3, {st_mode=S_IFREG|0755, st_size=1800248, ...}) = 0
mmap(NULL, 8192, PROT_READ|PROT_WRITE, MAP_PRIVATE|MAP_ANONYMOUS, -1, 0) = 0x7faa920df000
mmap(NULL, 3906368, PROT_READ|PROT_EXEC, MAP_PRIVATE|MAP_DENYWRITE, 3, 0) = 0x7faa91b37000
mprotect(0x7faa91ce8000, 2093056, PROT_NONE) = 0
mmap(0x7faa91ee7000, 24576, PROT_READ|PROT_WRITE, MAP_PRIVATE|MAP_FIXED|MAP_DENYWRITE, 3, 0x1b0000) = 0x7faa91ee7000
mmap(0x7faa91eed000, 15168, PROT_READ|PROT_WRITE, MAP_PRIVATE|MAP_FIXED|MAP_ANONYMOUS, -1, 0) = 0x7faa91eed000
close(3)                                = 0
arch_prctl(ARCH_SET_FS, 0x7faa920e04c0) = 0
mprotect(0x7faa91ee7000, 16384, PROT_READ) = 0
mprotect(0x557d5c4aa000, 4096, PROT_READ) = 0
mprotect(0x7faa92115000, 4096, PROT_READ) = 0
munmap(0x7faa920e1000, 210431)          = 0
openat(AT_FDCWD, "/proc/self/loginuid", O_RDONLY) = 3
read(3, "0", 12)                        = 1
close(3)                                = 0
socket(AF_UNIX, SOCK_STREAM|SOCK_CLOEXEC|SOCK_NONBLOCK, 0) = 3
connect(3, {sa_family=AF_UNIX, sun_path="/var/run/nscd/socket"}, 110) = -1 ENOENT (No such file or directory)
close(3)                                = 0
socket(AF_UNIX, SOCK_STREAM|SOCK_CLOEXEC|SOCK_NONBLOCK, 0) = 3
connect(3, {sa_family=AF_UNIX, sun_path="/var/run/nscd/socket"}, 110) = -1 ENOENT (No such file or directory)
close(3)                                = 0
brk(NULL)                               = 0x557d5e448000
brk(0x557d5e469000)                     = 0x557d5e469000
openat(AT_FDCWD, "/etc/nsswitch.conf", O_RDONLY|O_CLOEXEC) = 3
fstat(3, {st_mode=S_IFREG|0644, st_size=540, ...}) = 0
read(3, "# /etc/nsswitch.conf\n#\n# Example"..., 4096) = 540
read(3, "", 4096)                       = 0
close(3)                                = 0
openat(AT_FDCWD, "/etc/ld.so.cache", O_RDONLY|O_CLOEXEC) = 3
fstat(3, {st_mode=S_IFREG|0644, st_size=210431, ...}) = 0
mmap(NULL, 210431, PROT_READ, MAP_PRIVATE, 3, 0) = 0x7faa920e1000
close(3)                                = 0
access("/etc/ld.so.nohwcap", F_OK)      = -1 ENOENT (No such file or directory)
openat(AT_FDCWD, "/lib/x86_64-linux-gnu/libnss_compat.so.2", O_RDONLY|O_CLOEXEC) = 3
read(3, "\177ELF\2\1\1\0\0\0\0\0\0\0\0\0\3\0>\0\1\0\0\0\240\22\0\0\0\0\0\0"..., 832) = 832
fstat(3, {st_mode=S_IFREG|0644, st_size=31576, ...}) = 0
mmap(NULL, 2128176, PROT_READ|PROT_EXEC, MAP_PRIVATE|MAP_DENYWRITE, 3, 0) = 0x7faa9192f000
mprotect(0x7faa91936000, 2093056, PROT_NONE) = 0
mmap(0x7faa91b35000, 8192, PROT_READ|PROT_WRITE, MAP_PRIVATE|MAP_FIXED|MAP_DENYWRITE, 3, 0x6000) = 0x7faa91b35000
close(3)                                = 0
mprotect(0x7faa91b35000, 4096, PROT_READ) = 0
munmap(0x7faa920e1000, 210431)          = 0
openat(AT_FDCWD, "/etc/ld.so.cache", O_RDONLY|O_CLOEXEC) = 3
fstat(3, {st_mode=S_IFREG|0644, st_size=210431, ...}) = 0
mmap(NULL, 210431, PROT_READ, MAP_PRIVATE, 3, 0) = 0x7faa920e1000
close(3)                                = 0
access("/etc/ld.so.nohwcap", F_OK)      = -1 ENOENT (No such file or directory)
openat(AT_FDCWD, "/lib/x86_64-linux-gnu/libnss_nis.so.2", O_RDONLY|O_CLOEXEC) = 3
read(3, "\177ELF\2\1\1\0\0\0\0\0\0\0\0\0\3\0>\0\1\0\0\0p \0\0\0\0\0\0"..., 832) = 832
fstat(3, {st_mode=S_IFREG|0644, st_size=47608, ...}) = 0
mmap(NULL, 2143736, PROT_READ|PROT_EXEC, MAP_PRIVATE|MAP_DENYWRITE, 3, 0) = 0x7faa91723000
mprotect(0x7faa9172e000, 2093056, PROT_NONE) = 0
mmap(0x7faa9192d000, 8192, PROT_READ|PROT_WRITE, MAP_PRIVATE|MAP_FIXED|MAP_DENYWRITE, 3, 0xa000) = 0x7faa9192d000
close(3)                                = 0
access("/etc/ld.so.nohwcap", F_OK)      = -1 ENOENT (No such file or directory)
openat(AT_FDCWD, "/lib/x86_64-linux-gnu/libnsl.so.1", O_RDONLY|O_CLOEXEC) = 3
read(3, "\177ELF\2\1\1\0\0\0\0\0\0\0\0\0\3\0>\0\1\0\0\0\220@\0\0\0\0\0\0"..., 832) = 832
fstat(3, {st_mode=S_IFREG|0644, st_size=89016, ...}) = 0
mmap(NULL, 2194008, PROT_READ|PROT_EXEC, MAP_PRIVATE|MAP_DENYWRITE, 3, 0) = 0x7faa9150b000
mprotect(0x7faa91520000, 2093056, PROT_NONE) = 0
mmap(0x7faa9171f000, 8192, PROT_READ|PROT_WRITE, MAP_PRIVATE|MAP_FIXED|MAP_DENYWRITE, 3, 0x14000) = 0x7faa9171f000
mmap(0x7faa91721000, 6744, PROT_READ|PROT_WRITE, MAP_PRIVATE|MAP_FIXED|MAP_ANONYMOUS, -1, 0) = 0x7faa91721000
close(3)                                = 0
access("/etc/ld.so.nohwcap", F_OK)      = -1 ENOENT (No such file or directory)
openat(AT_FDCWD, "/lib/x86_64-linux-gnu/libnss_files.so.2", O_RDONLY|O_CLOEXEC) = 3
read(3, "\177ELF\2\1\1\0\0\0\0\0\0\0\0\0\3\0>\0\1\0\0\0P#\0\0\0\0\0\0"..., 832) = 832
fstat(3, {st_mode=S_IFREG|0644, st_size=47592, ...}) = 0
mmap(NULL, 2168744, PROT_READ|PROT_EXEC, MAP_PRIVATE|MAP_DENYWRITE, 3, 0) = 0x7faa912f9000
mprotect(0x7faa91304000, 2093056, PROT_NONE) = 0
mmap(0x7faa91503000, 8192, PROT_READ|PROT_WRITE, MAP_PRIVATE|MAP_FIXED|MAP_DENYWRITE, 3, 0xa000) = 0x7faa91503000
mmap(0x7faa91505000, 22440, PROT_READ|PROT_WRITE, MAP_PRIVATE|MAP_FIXED|MAP_ANONYMOUS, -1, 0) = 0x7faa91505000
close(3)                                = 0
mprotect(0x7faa91503000, 4096, PROT_READ) = 0
mprotect(0x7faa9171f000, 4096, PROT_READ) = 0
mprotect(0x7faa9192d000, 4096, PROT_READ) = 0
munmap(0x7faa920e1000, 210431)          = 0
openat(AT_FDCWD, "/etc/passwd", O_RDONLY|O_CLOEXEC) = 3
lseek(3, 0, SEEK_CUR)                   = 0
fstat(3, {st_mode=S_IFREG|0644, st_size=3155, ...}) = 0
mmap(NULL, 3155, PROT_READ, MAP_SHARED, 3, 0) = 0x7faa92114000
lseek(3, 3155, SEEK_SET)                = 3155
munmap(0x7faa92114000, 3155)            = 0
close(3)                                = 0
uname({sysname="Linux", nodename="kholty", ...}) = 0
rt_sigaction(SIGALRM, {sa_handler=0x557d5c2a9173, sa_mask=[], sa_flags=SA_RESTORER|SA_SIGINFO, sa_restorer=0x7faa91b6bf00}, NULL, 8) = 0
rt_sigaction(SIGCHLD, {sa_handler=0x557d5c2a9173, sa_mask=[], sa_flags=SA_RESTORER|SA_SIGINFO, sa_restorer=0x7faa91b6bf00}, NULL, 8) = 0
alarm(10)                               = 0
getcwd("/root/Git/Shell", 100)          = 16
fstat(1, {st_mode=S_IFCHR|0620, st_rdev=makedev(136, 0), ...}) = 0
fstat(0, {st_mode=S_IFCHR|0620, st_rdev=makedev(136, 0), ...}) = 0
write(1, "[root@kholty Shell](OwO)>> ", 27) = 27
read(0, "ls\n", 1024)                   = 3
clone(strace: Process 2328 attached
child_stack=NULL, flags=CLONE_CHILD_CLEARTID|CLONE_CHILD_SETTID|SIGCHLD, child_tidptr=0x7faa920e0790) = 2328
[pid  2327] wait4(2328,  <unfinished ...>
[pid  2328] execve("/usr/local/sbin/ls", ["ls"], 0x7ffee626f3d0 /* 43 vars */) = -1 ENOENT (No such file or directory)
[pid  2328] execve("/usr/local/bin/ls", ["ls"], 0x7ffee626f3d0 /* 43 vars */) = -1 ENOENT (No such file or directory)
[pid  2328] execve("/usr/sbin/ls", ["ls"], 0x7ffee626f3d0 /* 43 vars */) = -1 ENOENT (No such file or directory)
[pid  2328] execve("/usr/bin/ls", ["ls"], 0x7ffee626f3d0 /* 43 vars */) = -1 ENOENT (No such file or directory)
[pid  2328] execve("/sbin/ls", ["ls"], 0x7ffee626f3d0 /* 43 vars */) = -1 ENOENT (No such file or directory)
[pid  2328] execve("/bin/ls", ["ls"], 0x7ffee626f3d0 /* 43 vars */) = 0
[pid  2328] brk(NULL)                   = 0x55ac08bb8000
[pid  2328] access("/etc/ld.so.nohwcap", F_OK) = -1 ENOENT (No such file or directory)
[pid  2328] access("/etc/ld.so.preload", R_OK) = -1 ENOENT (No such file or directory)
[pid  2328] openat(AT_FDCWD, "/etc/ld.so.cache", O_RDONLY|O_CLOEXEC) = 3
[pid  2328] fstat(3, {st_mode=S_IFREG|0644, st_size=210431, ...}) = 0
[pid  2328] mmap(NULL, 210431, PROT_READ, MAP_PRIVATE, 3, 0) = 0x7f8ccdba3000
[pid  2328] close(3)                    = 0
[pid  2328] access("/etc/ld.so.nohwcap", F_OK) = -1 ENOENT (No such file or directory)
[pid  2328] openat(AT_FDCWD, "/lib/x86_64-linux-gnu/libselinux.so.1", O_RDONLY|O_CLOEXEC) = 3
[pid  2328] read(3, "\177ELF\2\1\1\0\0\0\0\0\0\0\0\0\3\0>\0\1\0\0\0@k\0\0\0\0\0\0"..., 832) = 832
[pid  2328] fstat(3, {st_mode=S_IFREG|0644, st_size=155296, ...}) = 0
[pid  2328] mmap(NULL, 8192, PROT_READ|PROT_WRITE, MAP_PRIVATE|MAP_ANONYMOUS, -1, 0) = 0x7f8ccdba1000
[pid  2328] mmap(NULL, 2259632, PROT_READ|PROT_EXEC, MAP_PRIVATE|MAP_DENYWRITE, 3, 0) = 0x7f8ccd78b000
[pid  2328] mprotect(0x7f8ccd7b0000, 2093056, PROT_NONE) = 0
[pid  2328] mmap(0x7f8ccd9af000, 8192, PROT_READ|PROT_WRITE, MAP_PRIVATE|MAP_FIXED|MAP_DENYWRITE, 3, 0x24000) = 0x7f8ccd9af000
[pid  2328] mmap(0x7f8ccd9b1000, 6832, PROT_READ|PROT_WRITE, MAP_PRIVATE|MAP_FIXED|MAP_ANONYMOUS, -1, 0) = 0x7f8ccd9b1000
[pid  2328] close(3)                    = 0
[pid  2328] access("/etc/ld.so.nohwcap", F_OK) = -1 ENOENT (No such file or directory)
[pid  2328] openat(AT_FDCWD, "/lib/x86_64-linux-gnu/libc.so.6", O_RDONLY|O_CLOEXEC) = 3
[pid  2328] read(3, "\177ELF\2\1\1\3\0\0\0\0\0\0\0\0\3\0>\0\1\0\0\0\240\33\2\0\0\0\0\0"..., 832) = 832
[pid  2328] fstat(3, {st_mode=S_IFREG|0755, st_size=1800248, ...}) = 0
[pid  2328] mmap(NULL, 3906368, PROT_READ|PROT_EXEC, MAP_PRIVATE|MAP_DENYWRITE, 3, 0) = 0x7f8ccd3d1000
[pid  2328] mprotect(0x7f8ccd582000, 2093056, PROT_NONE) = 0
[pid  2328] mmap(0x7f8ccd781000, 24576, PROT_READ|PROT_WRITE, MAP_PRIVATE|MAP_FIXED|MAP_DENYWRITE, 3, 0x1b0000) = 0x7f8ccd781000
[pid  2328] mmap(0x7f8ccd787000, 15168, PROT_READ|PROT_WRITE, MAP_PRIVATE|MAP_FIXED|MAP_ANONYMOUS, -1, 0) = 0x7f8ccd787000
[pid  2328] close(3)                    = 0
[pid  2328] access("/etc/ld.so.nohwcap", F_OK) = -1 ENOENT (No such file or directory)
[pid  2328] openat(AT_FDCWD, "/lib/x86_64-linux-gnu/libpcre.so.3", O_RDONLY|O_CLOEXEC) = 3
[pid  2328] read(3, "\177ELF\2\1\1\0\0\0\0\0\0\0\0\0\3\0>\0\1\0\0\0@\26\0\0\0\0\0\0"..., 832) = 832
[pid  2328] fstat(3, {st_mode=S_IFREG|0644, st_size=464824, ...}) = 0
[pid  2328] mmap(NULL, 2560264, PROT_READ|PROT_EXEC, MAP_PRIVATE|MAP_DENYWRITE, 3, 0) = 0x7f8ccd15f000
[pid  2328] mprotect(0x7f8ccd1cf000, 2097152, PROT_NONE) = 0
[pid  2328] mmap(0x7f8ccd3cf000, 8192, PROT_READ|PROT_WRITE, MAP_PRIVATE|MAP_FIXED|MAP_DENYWRITE, 3, 0x70000) = 0x7f8ccd3cf000
[pid  2328] close(3)                    = 0
[pid  2328] access("/etc/ld.so.nohwcap", F_OK) = -1 ENOENT (No such file or directory)
[pid  2328] openat(AT_FDCWD, "/lib/x86_64-linux-gnu/libdl.so.2", O_RDONLY|O_CLOEXEC) = 3
[pid  2328] read(3, "\177ELF\2\1\1\0\0\0\0\0\0\0\0\0\3\0>\0\1\0\0\0P\16\0\0\0\0\0\0"..., 832) = 832
[pid  2328] fstat(3, {st_mode=S_IFREG|0644, st_size=14592, ...}) = 0
[pid  2328] mmap(NULL, 2109712, PROT_READ|PROT_EXEC, MAP_PRIVATE|MAP_DENYWRITE, 3, 0) = 0x7f8cccf5b000
[pid  2328] mprotect(0x7f8cccf5e000, 2093056, PROT_NONE) = 0
[pid  2328] mmap(0x7f8ccd15d000, 8192, PROT_READ|PROT_WRITE, MAP_PRIVATE|MAP_FIXED|MAP_DENYWRITE, 3, 0x2000) = 0x7f8ccd15d000
[pid  2328] close(3)                    = 0
[pid  2328] access("/etc/ld.so.nohwcap", F_OK) = -1 ENOENT (No such file or directory)
[pid  2328] openat(AT_FDCWD, "/lib/x86_64-linux-gnu/libpthread.so.0", O_RDONLY|O_CLOEXEC) = 3
[pid  2328] read(3, "\177ELF\2\1\1\0\0\0\0\0\0\0\0\0\3\0>\0\1\0\0\0@b\0\0\0\0\0\0"..., 832) = 832
[pid  2328] fstat(3, {st_mode=S_IFREG|0755, st_size=138872, ...}) = 0
[pid  2328] mmap(NULL, 2217200, PROT_READ|PROT_EXEC, MAP_PRIVATE|MAP_DENYWRITE, 3, 0) = 0x7f8cccd3d000
[pid  2328] mprotect(0x7f8cccd56000, 2093056, PROT_NONE) = 0
[pid  2328] mmap(0x7f8cccf55000, 8192, PROT_READ|PROT_WRITE, MAP_PRIVATE|MAP_FIXED|MAP_DENYWRITE, 3, 0x18000) = 0x7f8cccf55000
[pid  2328] mmap(0x7f8cccf57000, 13552, PROT_READ|PROT_WRITE, MAP_PRIVATE|MAP_FIXED|MAP_ANONYMOUS, -1, 0) = 0x7f8cccf57000
[pid  2328] close(3)                    = 0
[pid  2328] mmap(NULL, 8192, PROT_READ|PROT_WRITE, MAP_PRIVATE|MAP_ANONYMOUS, -1, 0) = 0x7f8ccdb9f000
[pid  2328] arch_prctl(ARCH_SET_FS, 0x7f8ccdba0040) = 0
[pid  2328] mprotect(0x7f8ccd781000, 16384, PROT_READ) = 0
[pid  2328] mprotect(0x7f8cccf55000, 4096, PROT_READ) = 0
[pid  2328] mprotect(0x7f8ccd15d000, 4096, PROT_READ) = 0
[pid  2328] mprotect(0x7f8ccd3cf000, 4096, PROT_READ) = 0
[pid  2328] mprotect(0x7f8ccd9af000, 4096, PROT_READ) = 0
[pid  2328] mprotect(0x55ac074c6000, 4096, PROT_READ) = 0
[pid  2328] mprotect(0x7f8ccdbd7000, 4096, PROT_READ) = 0
[pid  2328] munmap(0x7f8ccdba3000, 210431) = 0
[pid  2328] set_tid_address(0x7f8ccdba0310) = 2328
[pid  2328] set_robust_list(0x7f8ccdba0320, 24) = 0
[pid  2328] rt_sigaction(SIGRTMIN, {sa_handler=0x7f8cccd42cb0, sa_mask=[], sa_flags=SA_RESTORER|SA_SIGINFO, sa_restorer=0x7f8cccd4ef50}, NULL, 8) = 0
[pid  2328] rt_sigaction(SIGRT_1, {sa_handler=0x7f8cccd42d50, sa_mask=[], sa_flags=SA_RESTORER|SA_RESTART|SA_SIGINFO, sa_restorer=0x7f8cccd4ef50}, NULL, 8) = 0
[pid  2328] rt_sigprocmask(SIG_UNBLOCK, [RTMIN RT_1], NULL, 8) = 0
[pid  2328] prlimit64(0, RLIMIT_STACK, NULL, {rlim_cur=8192*1024, rlim_max=RLIM64_INFINITY}) = 0
[pid  2328] statfs("/sys/fs/selinux", 0x7ffe89dd7d70) = -1 ENOENT (No such file or directory)
[pid  2328] statfs("/selinux", 0x7ffe89dd7d70) = -1 ENOENT (No such file or directory)
[pid  2328] brk(NULL)                   = 0x55ac08bb8000
[pid  2328] brk(0x55ac08bd9000)         = 0x55ac08bd9000
[pid  2328] openat(AT_FDCWD, "/proc/filesystems", O_RDONLY|O_CLOEXEC) = 3
[pid  2328] fstat(3, {st_mode=S_IFREG|0444, st_size=0, ...}) = 0
[pid  2328] read(3, "nodev\tsysfs\nnodev\trootfs\nnodev\tr"..., 1024) = 376
[pid  2328] read(3, "", 1024)           = 0
[pid  2328] close(3)                    = 0
[pid  2328] access("/etc/selinux/config", F_OK) = -1 ENOENT (No such file or directory)
[pid  2328] openat(AT_FDCWD, "/usr/lib/locale/locale-archive", O_RDONLY|O_CLOEXEC) = -1 ENOENT (No such file or directory)
[pid  2328] openat(AT_FDCWD, "/usr/share/locale/locale.alias", O_RDONLY|O_CLOEXEC) = 3
[pid  2328] fstat(3, {st_mode=S_IFREG|0644, st_size=2995, ...}) = 0
[pid  2328] read(3, "# Locale name alias data base.\n#"..., 4096) = 2995
[pid  2328] read(3, "", 4096)           = 0
[pid  2328] close(3)                    = 0
[pid  2328] openat(AT_FDCWD, "/usr/lib/locale/en_US.UTF-8/LC_IDENTIFICATION", O_RDONLY|O_CLOEXEC) = -1 ENOENT (No such file or directory)
[pid  2328] openat(AT_FDCWD, "/usr/lib/locale/en_US.utf8/LC_IDENTIFICATION", O_RDONLY|O_CLOEXEC) = 3
[pid  2328] fstat(3, {st_mode=S_IFREG|0644, st_size=368, ...}) = 0
[pid  2328] mmap(NULL, 368, PROT_READ, MAP_PRIVATE, 3, 0) = 0x7f8ccdbd6000
[pid  2328] close(3)                    = 0
[pid  2328] openat(AT_FDCWD, "/usr/lib/x86_64-linux-gnu/gconv/gconv-modules.cache", O_RDONLY) = 3
[pid  2328] fstat(3, {st_mode=S_IFREG|0644, st_size=26376, ...}) = 0
[pid  2328] mmap(NULL, 26376, PROT_READ, MAP_SHARED, 3, 0) = 0x7f8ccdbcf000
[pid  2328] close(3)                    = 0
[pid  2328] futex(0x7f8ccd786a08, FUTEX_WAKE_PRIVATE, 2147483647) = 0
[pid  2328] openat(AT_FDCWD, "/usr/lib/locale/en_US.UTF-8/LC_MEASUREMENT", O_RDONLY|O_CLOEXEC) = -1 ENOENT (No such file or directory)
[pid  2328] openat(AT_FDCWD, "/usr/lib/locale/en_US.utf8/LC_MEASUREMENT", O_RDONLY|O_CLOEXEC) = 3
[pid  2328] fstat(3, {st_mode=S_IFREG|0644, st_size=23, ...}) = 0
[pid  2328] mmap(NULL, 23, PROT_READ, MAP_PRIVATE, 3, 0) = 0x7f8ccdbce000
[pid  2328] close(3)                    = 0
[pid  2328] openat(AT_FDCWD, "/usr/lib/locale/en_US.UTF-8/LC_TELEPHONE", O_RDONLY|O_CLOEXEC) = -1 ENOENT (No such file or directory)
[pid  2328] openat(AT_FDCWD, "/usr/lib/locale/en_US.utf8/LC_TELEPHONE", O_RDONLY|O_CLOEXEC) = 3
[pid  2328] fstat(3, {st_mode=S_IFREG|0644, st_size=59, ...}) = 0
[pid  2328] mmap(NULL, 59, PROT_READ, MAP_PRIVATE, 3, 0) = 0x7f8ccdbcd000
[pid  2328] close(3)                    = 0
[pid  2328] openat(AT_FDCWD, "/usr/lib/locale/en_US.UTF-8/LC_ADDRESS", O_RDONLY|O_CLOEXEC) = -1 ENOENT (No such file or directory)
[pid  2328] openat(AT_FDCWD, "/usr/lib/locale/en_US.utf8/LC_ADDRESS", O_RDONLY|O_CLOEXEC) = 3
[pid  2328] fstat(3, {st_mode=S_IFREG|0644, st_size=167, ...}) = 0
[pid  2328] mmap(NULL, 167, PROT_READ, MAP_PRIVATE, 3, 0) = 0x7f8ccdbcc000
[pid  2328] close(3)                    = 0
[pid  2328] openat(AT_FDCWD, "/usr/lib/locale/en_US.UTF-8/LC_NAME", O_RDONLY|O_CLOEXEC) = -1 ENOENT (No such file or directory)
[pid  2328] openat(AT_FDCWD, "/usr/lib/locale/en_US.utf8/LC_NAME", O_RDONLY|O_CLOEXEC) = 3
[pid  2328] fstat(3, {st_mode=S_IFREG|0644, st_size=77, ...}) = 0
[pid  2328] mmap(NULL, 77, PROT_READ, MAP_PRIVATE, 3, 0) = 0x7f8ccdbcb000
[pid  2328] close(3)                    = 0
[pid  2328] openat(AT_FDCWD, "/usr/lib/locale/en_US.UTF-8/LC_PAPER", O_RDONLY|O_CLOEXEC) = -1 ENOENT (No such file or directory)
[pid  2328] openat(AT_FDCWD, "/usr/lib/locale/en_US.utf8/LC_PAPER", O_RDONLY|O_CLOEXEC) = 3
[pid  2328] fstat(3, {st_mode=S_IFREG|0644, st_size=34, ...}) = 0
[pid  2328] mmap(NULL, 34, PROT_READ, MAP_PRIVATE, 3, 0) = 0x7f8ccdbca000
[pid  2328] close(3)                    = 0
[pid  2328] openat(AT_FDCWD, "/usr/lib/locale/en_US.UTF-8/LC_MESSAGES", O_RDONLY|O_CLOEXEC) = -1 ENOENT (No such file or directory)
[pid  2328] openat(AT_FDCWD, "/usr/lib/locale/en_US.utf8/LC_MESSAGES", O_RDONLY|O_CLOEXEC) = 3
[pid  2328] fstat(3, {st_mode=S_IFDIR|0755, st_size=4096, ...}) = 0
[pid  2328] close(3)                    = 0
[pid  2328] openat(AT_FDCWD, "/usr/lib/locale/en_US.utf8/LC_MESSAGES/SYS_LC_MESSAGES", O_RDONLY|O_CLOEXEC) = 3
[pid  2328] fstat(3, {st_mode=S_IFREG|0644, st_size=57, ...}) = 0
[pid  2328] mmap(NULL, 57, PROT_READ, MAP_PRIVATE, 3, 0) = 0x7f8ccdbc9000
[pid  2328] close(3)                    = 0
[pid  2328] openat(AT_FDCWD, "/usr/lib/locale/en_US.UTF-8/LC_MONETARY", O_RDONLY|O_CLOEXEC) = -1 ENOENT (No such file or directory)
[pid  2328] openat(AT_FDCWD, "/usr/lib/locale/en_US.utf8/LC_MONETARY", O_RDONLY|O_CLOEXEC) = 3
[pid  2328] fstat(3, {st_mode=S_IFREG|0644, st_size=286, ...}) = 0
[pid  2328] mmap(NULL, 286, PROT_READ, MAP_PRIVATE, 3, 0) = 0x7f8ccdbc8000
[pid  2328] close(3)                    = 0
[pid  2328] openat(AT_FDCWD, "/usr/lib/locale/en_US.UTF-8/LC_COLLATE", O_RDONLY|O_CLOEXEC) = -1 ENOENT (No such file or directory)
[pid  2328] openat(AT_FDCWD, "/usr/lib/locale/en_US.utf8/LC_COLLATE", O_RDONLY|O_CLOEXEC) = 3
[pid  2328] fstat(3, {st_mode=S_IFREG|0644, st_size=1244054, ...}) = 0
[pid  2328] mmap(NULL, 1244054, PROT_READ, MAP_PRIVATE, 3, 0) = 0x7f8ccda6f000
[pid  2328] close(3)                    = 0
[pid  2328] openat(AT_FDCWD, "/usr/lib/locale/en_US.UTF-8/LC_TIME", O_RDONLY|O_CLOEXEC) = -1 ENOENT (No such file or directory)
[pid  2328] openat(AT_FDCWD, "/usr/lib/locale/en_US.utf8/LC_TIME", O_RDONLY|O_CLOEXEC) = 3
[pid  2328] fstat(3, {st_mode=S_IFREG|0644, st_size=3316, ...}) = 0
[pid  2328] mmap(NULL, 3316, PROT_READ, MAP_PRIVATE, 3, 0) = 0x7f8ccdbc7000
[pid  2328] close(3)                    = 0
[pid  2328] openat(AT_FDCWD, "/usr/lib/locale/en_US.UTF-8/LC_NUMERIC", O_RDONLY|O_CLOEXEC) = -1 ENOENT (No such file or directory)
[pid  2328] openat(AT_FDCWD, "/usr/lib/locale/en_US.utf8/LC_NUMERIC", O_RDONLY|O_CLOEXEC) = 3
[pid  2328] fstat(3, {st_mode=S_IFREG|0644, st_size=54, ...}) = 0
[pid  2328] mmap(NULL, 54, PROT_READ, MAP_PRIVATE, 3, 0) = 0x7f8ccdbc6000
[pid  2328] close(3)                    = 0
[pid  2328] openat(AT_FDCWD, "/usr/lib/locale/en_US.UTF-8/LC_CTYPE", O_RDONLY|O_CLOEXEC) = -1 ENOENT (No such file or directory)
[pid  2328] openat(AT_FDCWD, "/usr/lib/locale/en_US.utf8/LC_CTYPE", O_RDONLY|O_CLOEXEC) = 3
[pid  2328] fstat(3, {st_mode=S_IFREG|0644, st_size=330604, ...}) = 0
[pid  2328] mmap(NULL, 330604, PROT_READ, MAP_PRIVATE, 3, 0) = 0x7f8ccda1e000
[pid  2328] close(3)                    = 0
[pid  2328] ioctl(1, TCGETS, {B38400 opost isig icanon echo ...}) = 0
[pid  2328] ioctl(1, TIOCGWINSZ, {ws_row=24, ws_col=80, ws_xpixel=0, ws_ypixel=0}) = 0
[pid  2328] openat(AT_FDCWD, ".", O_RDONLY|O_NONBLOCK|O_CLOEXEC|O_DIRECTORY) = 3
[pid  2328] fstat(3, {st_mode=S_IFDIR|0755, st_size=4096, ...}) = 0
[pid  2328] getdents(3, /* 13 entries */, 32768) = 400
[pid  2328] getdents(3, /* 0 entries */, 32768) = 0
[pid  2328] close(3)                    = 0
[pid  2328] fstat(1, {st_mode=S_IFCHR|0620, st_rdev=makedev(136, 0), ...}) = 0
[pid  2328] write(1, "a.out\t     main     main2fail.c "..., 52) = 52
[pid  2328] write(1, "compilar.sh  main2.c  main.c\t   "..., 42) = 42
[pid  2328] close(1)                    = 0
[pid  2328] close(2)                    = 0
[pid  2328] exit_group(0)               = ?
[pid  2328] +++ exited with 0 +++
<... wait4 resumed> [{WIFEXITED(s) && WEXITSTATUS(s) == 0}], WCONTINUED, NULL) = 2328
--- SIGCHLD {si_signo=SIGCHLD, si_code=CLD_EXITED, si_pid=2328, si_uid=0, si_status=0, si_utime=0, si_stime=0} ---
clock_gettime(CLOCK_PROCESS_CPUTIME_ID, {tv_sec=0, tv_nsec=3979972}) = 0
rt_sigreturn({mask=[]})                 = 2328
getcwd("/root/Git/Shell", 100)          = 16
write(1, "[root@kholty Shell](OwO)>> ", 27) = 27
read(0, "exit\n", 1024)                 = 5
write(1, "Adios root\n", 11)            = 11
exit_group(0)                           = ?
+++ exited with 0 +++
